C:\USERS\ISAYAH\DESKTOP\STUFF\VS PROJECTS\PASSWORDMANAGERENCLAVE\PASSWORDMANAGERENCLAVE\DEBUG\PASSWORDMANAGERENCLAVE.OBJ
C:\USERS\ISAYAH\DESKTOP\STUFF\VS PROJECTS\PASSWORDMANAGERENCLAVE\PASSWORDMANAGERENCLAVE\DEBUG\VC110.PDB
C:\USERS\ISAYAH\DESKTOP\STUFF\VS PROJECTS\PASSWORDMANAGERENCLAVE\PASSWORDMANAGERENCLAVE\DEBUG\PASSWORDMANAGERENCLAVE_T.OBJ
C:\USERS\ISAYAH\DESKTOP\STUFF\VS PROJECTS\PASSWORDMANAGERENCLAVE\PASSWORDMANAGERENCLAVE\PASSWORDMANAGERENCLAVE_T.H
C:\USERS\ISAYAH\DESKTOP\STUFF\VS PROJECTS\PASSWORDMANAGERENCLAVE\PASSWORDMANAGERENCLAVE\PASSWORDMANAGERENCLAVE_T.C
C:\USERS\ISAYAH\DESKTOP\STUFF\VS PROJECTS\PASSWORDMANAGERENCLAVE\DEBUG\PASSWORDMANAGERENCLAVE.DLL
C:\USERS\ISAYAH\DESKTOP\STUFF\VS PROJECTS\PASSWORDMANAGERENCLAVE\DEBUG\PASSWORDMANAGERENCLAVE.PDB
C:\Users\isayah\Desktop\stuff\VS projects\passwordManagerEnclave\Debug\passwordManagerEnclave.lib
C:\Users\isayah\Desktop\stuff\VS projects\passwordManagerEnclave\Debug\passwordManagerEnclave.exp
C:\Users\isayah\Desktop\stuff\VS projects\passwordManagerEnclave\passwordManagerEnclave\Debug\passwordManagerEnclave.obj
C:\Users\isayah\Desktop\stuff\VS projects\passwordManagerEnclave\passwordManagerEnclave\Debug\passwordManagerEnclave_t.obj
C:\Users\isayah\Desktop\stuff\VS projects\passwordManagerEnclave\passwordManagerEnclave\Debug\cl.command.1.tlog
C:\Users\isayah\Desktop\stuff\VS projects\passwordManagerEnclave\passwordManagerEnclave\Debug\CL.read.1.tlog
C:\Users\isayah\Desktop\stuff\VS projects\passwordManagerEnclave\passwordManagerEnclave\Debug\CL.write.1.tlog
C:\Users\isayah\Desktop\stuff\VS projects\passwordManagerEnclave\passwordManagerEnclave\Debug\custombuild.command.1.tlog
C:\Users\isayah\Desktop\stuff\VS projects\passwordManagerEnclave\passwordManagerEnclave\Debug\custombuild.read.1.tlog
C:\Users\isayah\Desktop\stuff\VS projects\passwordManagerEnclave\passwordManagerEnclave\Debug\custombuild.write.1.tlog
C:\Users\isayah\Desktop\stuff\VS projects\passwordManagerEnclave\passwordManagerEnclave\Debug\link.command.1.tlog
C:\Users\isayah\Desktop\stuff\VS projects\passwordManagerEnclave\passwordManagerEnclave\Debug\link.read.1.tlog
C:\Users\isayah\Desktop\stuff\VS projects\passwordManagerEnclave\passwordManagerEnclave\Debug\link.write.1.tlog
C:\Users\isayah\Desktop\stuff\VS projects\passwordManagerEnclave\passwordManagerEnclave\Debug\passwordManagerEnclave.write.1.tlog
C:\Users\isayah\Desktop\stuff\VS projects\passwordManagerEnclave\passwordManagerEnclave\Debug\vc110.pdb
C:\Users\isayah\Desktop\stuff\VS projects\passwordManagerEnclave\Debug\passwordManagerEnclave.pdb
C:\Users\isayah\Desktop\stuff\VS projects\passwordManagerEnclave\Debug\passwordManagerEnclave.dll
