C:\USERS\ISAYAH\DESKTOP\STUFF\VS PROJECTS\PASSWORDMANAGERAPP\PASSWORDMANAGERAPP\DEBUG\PASSWORDMANAGERAPP.PCH
C:\USERS\ISAYAH\DESKTOP\STUFF\VS PROJECTS\PASSWORDMANAGERAPP\PASSWORDMANAGERAPP\DEBUG\STDAFX.OBJ
C:\USERS\ISAYAH\DESKTOP\STUFF\VS PROJECTS\PASSWORDMANAGERAPP\PASSWORDMANAGERAPP\DEBUG\VC110.PDB
C:\USERS\ISAYAH\DESKTOP\STUFF\VS PROJECTS\PASSWORDMANAGERAPP\PASSWORDMANAGERAPP\DEBUG\PASSWORDMANAGERAPP.OBJ
C:\USERS\ISAYAH\DESKTOP\STUFF\VS PROJECTS\PASSWORDMANAGERAPP\PASSWORDMANAGERAPP\DEBUG\PASSWORDMANAGERENCLAVE_U.OBJ
C:\USERS\ISAYAH\DESKTOP\STUFF\VS PROJECTS\PASSWORDMANAGERAPP\PASSWORDMANAGERAPP\PASSWORDMANAGERENCLAVE_U.H
C:\USERS\ISAYAH\DESKTOP\STUFF\VS PROJECTS\PASSWORDMANAGERAPP\PASSWORDMANAGERAPP\PASSWORDMANAGERENCLAVE_U.C
C:\USERS\ISAYAH\DESKTOP\STUFF\VS PROJECTS\PASSWORDMANAGERAPP\DEBUG\PASSWORDMANAGERAPP.ILK
C:\USERS\ISAYAH\DESKTOP\STUFF\VS PROJECTS\PASSWORDMANAGERAPP\DEBUG\PASSWORDMANAGERAPP.EXE
C:\USERS\ISAYAH\DESKTOP\STUFF\VS PROJECTS\PASSWORDMANAGERAPP\DEBUG\PASSWORDMANAGERAPP.PDB
C:\Users\isayah\Desktop\stuff\VS projects\passwordManagerApp\passwordManagerApp\Debug\passwordManagerApp.obj
C:\Users\isayah\Desktop\stuff\VS projects\passwordManagerApp\passwordManagerApp\Debug\passwordManagerEnclave_u.obj
C:\Users\isayah\Desktop\stuff\VS projects\passwordManagerApp\passwordManagerApp\Debug\stdafx.obj
C:\Users\isayah\Desktop\stuff\VS projects\passwordManagerApp\passwordManagerApp\Debug\cl.command.1.tlog
C:\Users\isayah\Desktop\stuff\VS projects\passwordManagerApp\passwordManagerApp\Debug\CL.read.1.tlog
C:\Users\isayah\Desktop\stuff\VS projects\passwordManagerApp\passwordManagerApp\Debug\CL.write.1.tlog
C:\Users\isayah\Desktop\stuff\VS projects\passwordManagerApp\passwordManagerApp\Debug\custombuild.command.1.tlog
C:\Users\isayah\Desktop\stuff\VS projects\passwordManagerApp\passwordManagerApp\Debug\custombuild.read.1.tlog
C:\Users\isayah\Desktop\stuff\VS projects\passwordManagerApp\passwordManagerApp\Debug\custombuild.write.1.tlog
C:\Users\isayah\Desktop\stuff\VS projects\passwordManagerApp\passwordManagerApp\Debug\link-cvtres.read.1.tlog
C:\Users\isayah\Desktop\stuff\VS projects\passwordManagerApp\passwordManagerApp\Debug\link-cvtres.write.1.tlog
C:\Users\isayah\Desktop\stuff\VS projects\passwordManagerApp\passwordManagerApp\Debug\link-rc.read.1.tlog
C:\Users\isayah\Desktop\stuff\VS projects\passwordManagerApp\passwordManagerApp\Debug\link-rc.write.1.tlog
C:\Users\isayah\Desktop\stuff\VS projects\passwordManagerApp\passwordManagerApp\Debug\link.10668-cvtres.read.1.tlog
C:\Users\isayah\Desktop\stuff\VS projects\passwordManagerApp\passwordManagerApp\Debug\link.10668-cvtres.write.1.tlog
C:\Users\isayah\Desktop\stuff\VS projects\passwordManagerApp\passwordManagerApp\Debug\link.10668-rc.read.1.tlog
C:\Users\isayah\Desktop\stuff\VS projects\passwordManagerApp\passwordManagerApp\Debug\link.10668-rc.write.1.tlog
C:\Users\isayah\Desktop\stuff\VS projects\passwordManagerApp\passwordManagerApp\Debug\link.10668.read.1.tlog
C:\Users\isayah\Desktop\stuff\VS projects\passwordManagerApp\passwordManagerApp\Debug\link.10668.write.1.tlog
C:\Users\isayah\Desktop\stuff\VS projects\passwordManagerApp\passwordManagerApp\Debug\link.11804-cvtres.read.1.tlog
C:\Users\isayah\Desktop\stuff\VS projects\passwordManagerApp\passwordManagerApp\Debug\link.11804-cvtres.write.1.tlog
C:\Users\isayah\Desktop\stuff\VS projects\passwordManagerApp\passwordManagerApp\Debug\link.11804-rc.read.1.tlog
C:\Users\isayah\Desktop\stuff\VS projects\passwordManagerApp\passwordManagerApp\Debug\link.11804-rc.write.1.tlog
C:\Users\isayah\Desktop\stuff\VS projects\passwordManagerApp\passwordManagerApp\Debug\link.11804.read.1.tlog
C:\Users\isayah\Desktop\stuff\VS projects\passwordManagerApp\passwordManagerApp\Debug\link.11804.write.1.tlog
C:\Users\isayah\Desktop\stuff\VS projects\passwordManagerApp\passwordManagerApp\Debug\link.12252-cvtres.read.1.tlog
C:\Users\isayah\Desktop\stuff\VS projects\passwordManagerApp\passwordManagerApp\Debug\link.12252-cvtres.write.1.tlog
C:\Users\isayah\Desktop\stuff\VS projects\passwordManagerApp\passwordManagerApp\Debug\link.12252-rc.read.1.tlog
C:\Users\isayah\Desktop\stuff\VS projects\passwordManagerApp\passwordManagerApp\Debug\link.12252-rc.write.1.tlog
C:\Users\isayah\Desktop\stuff\VS projects\passwordManagerApp\passwordManagerApp\Debug\link.12252.read.1.tlog
C:\Users\isayah\Desktop\stuff\VS projects\passwordManagerApp\passwordManagerApp\Debug\link.12252.write.1.tlog
C:\Users\isayah\Desktop\stuff\VS projects\passwordManagerApp\passwordManagerApp\Debug\link.12660-cvtres.read.1.tlog
C:\Users\isayah\Desktop\stuff\VS projects\passwordManagerApp\passwordManagerApp\Debug\link.12660-cvtres.write.1.tlog
C:\Users\isayah\Desktop\stuff\VS projects\passwordManagerApp\passwordManagerApp\Debug\link.12660-rc.read.1.tlog
C:\Users\isayah\Desktop\stuff\VS projects\passwordManagerApp\passwordManagerApp\Debug\link.12660-rc.write.1.tlog
C:\Users\isayah\Desktop\stuff\VS projects\passwordManagerApp\passwordManagerApp\Debug\link.12660.read.1.tlog
C:\Users\isayah\Desktop\stuff\VS projects\passwordManagerApp\passwordManagerApp\Debug\link.12660.write.1.tlog
C:\Users\isayah\Desktop\stuff\VS projects\passwordManagerApp\passwordManagerApp\Debug\link.13576-cvtres.read.1.tlog
C:\Users\isayah\Desktop\stuff\VS projects\passwordManagerApp\passwordManagerApp\Debug\link.13576-cvtres.write.1.tlog
C:\Users\isayah\Desktop\stuff\VS projects\passwordManagerApp\passwordManagerApp\Debug\link.13576-rc.read.1.tlog
C:\Users\isayah\Desktop\stuff\VS projects\passwordManagerApp\passwordManagerApp\Debug\link.13576-rc.write.1.tlog
C:\Users\isayah\Desktop\stuff\VS projects\passwordManagerApp\passwordManagerApp\Debug\link.13576.read.1.tlog
C:\Users\isayah\Desktop\stuff\VS projects\passwordManagerApp\passwordManagerApp\Debug\link.13576.write.1.tlog
C:\Users\isayah\Desktop\stuff\VS projects\passwordManagerApp\passwordManagerApp\Debug\link.13892-cvtres.read.1.tlog
C:\Users\isayah\Desktop\stuff\VS projects\passwordManagerApp\passwordManagerApp\Debug\link.13892-cvtres.write.1.tlog
C:\Users\isayah\Desktop\stuff\VS projects\passwordManagerApp\passwordManagerApp\Debug\link.13892-rc.read.1.tlog
C:\Users\isayah\Desktop\stuff\VS projects\passwordManagerApp\passwordManagerApp\Debug\link.13892-rc.write.1.tlog
C:\Users\isayah\Desktop\stuff\VS projects\passwordManagerApp\passwordManagerApp\Debug\link.13892.read.1.tlog
C:\Users\isayah\Desktop\stuff\VS projects\passwordManagerApp\passwordManagerApp\Debug\link.13892.write.1.tlog
C:\Users\isayah\Desktop\stuff\VS projects\passwordManagerApp\passwordManagerApp\Debug\link.command.1.tlog
C:\Users\isayah\Desktop\stuff\VS projects\passwordManagerApp\passwordManagerApp\Debug\link.read.1.tlog
C:\Users\isayah\Desktop\stuff\VS projects\passwordManagerApp\passwordManagerApp\Debug\link.write.1.tlog
C:\Users\isayah\Desktop\stuff\VS projects\passwordManagerApp\passwordManagerApp\Debug\passwordManagerApp.pch
C:\Users\isayah\Desktop\stuff\VS projects\passwordManagerApp\passwordManagerApp\Debug\vc110.idb
C:\Users\isayah\Desktop\stuff\VS projects\passwordManagerApp\passwordManagerApp\Debug\vc110.pdb
C:\Users\isayah\Desktop\stuff\VS projects\passwordManagerApp\Debug\passwordManagerApp.pdb
C:\Users\isayah\Desktop\stuff\VS projects\passwordManagerApp\Debug\passwordManagerApp.exe
C:\Users\isayah\Desktop\stuff\VS projects\passwordManagerApp\Debug\passwordManagerApp.ilk
